app/build/outputs/logs/manifest-merger-debug-report.txt
-- Merging decision tree log ---
manifest
ADDED from src/main/AndroidManifest.xml:2:1-141:12
	package
		ADDED from src/main/AndroidManifest.xml:3:5-46
		INJECTED from src/main/AndroidManifest.xml
		INJECTED from src/main/AndroidManifest.xml
	android:versionName
		ADDED from src/main/AndroidManifest.xml:5:5-30
	android:versionCode
		ADDED from src/main/AndroidManifest.xml:4:5-28
		INJECTED from src/main/AndroidManifest.xml
		INJECTED from src/main/AndroidManifest.xml
	xmlns:android
		ADDED from src/main/AndroidManifest.xml:2:11-69
uses-sdk
ADDED from src/main/AndroidManifest.xml:7:5-9:41
	android:targetSdkVersion
		ADDED from src/main/AndroidManifest.xml:9:9-38
		INJECTED from src/main/AndroidManifest.xml
		INJECTED from src/main/AndroidManifest.xml
	android:minSdkVersion
		ADDED from src/main/AndroidManifest.xml:8:9-34
		INJECTED from src/main/AndroidManifest.xml
		INJECTED from src/main/AndroidManifest.xml
uses-feature#android.hardware.telephony
ADDED from src/main/AndroidManifest.xml:11:5-13:36
	android:required
		ADDED from src/main/AndroidManifest.xml:13:9-33
	android:name
		ADDED from src/main/AndroidManifest.xml:12:9-50
uses-permission#android.permission.ACCESS_FINE_LOCATION
ADDED from src/main/AndroidManifest.xml:15:5-79
	android:name
		ADDED from src/main/AndroidManifest.xml:15:22-76
uses-permission#android.permission.ACCESS_COARSE_LOCATION
ADDED from src/main/AndroidManifest.xml:16:5-81
	android:name
		ADDED from src/main/AndroidManifest.xml:16:22-78
uses-permission#android.permission.READ_PHONE_STATE
ADDED from src/main/AndroidManifest.xml:17:5-75
	android:name
		ADDED from src/main/AndroidManifest.xml:17:22-72
uses-permission#android.permission.SEND_SMS
ADDED from src/main/AndroidManifest.xml:18:5-67
	android:name
		ADDED from src/main/AndroidManifest.xml:18:22-64
uses-permission#android.permission.READ_SMS
ADDED from src/main/AndroidManifest.xml:19:5-67
	android:name
		ADDED from src/main/AndroidManifest.xml:19:22-64
uses-permission#android.permission.WRITE_SMS
ADDED from src/main/AndroidManifest.xml:20:5-68
	android:name
		ADDED from src/main/AndroidManifest.xml:20:22-65
uses-permission#android.permission.READ_CALL_LOG
ADDED from src/main/AndroidManifest.xml:21:5-72
	android:name
		ADDED from src/main/AndroidManifest.xml:21:22-69
uses-permission#android.permission.WRITE_CALL_LOG
ADDED from src/main/AndroidManifest.xml:22:5-73
	android:name
		ADDED from src/main/AndroidManifest.xml:22:22-70
uses-permission#android.permission.READ_CONTACTS
ADDED from src/main/AndroidManifest.xml:23:5-72
	android:name
		ADDED from src/main/AndroidManifest.xml:23:22-69
uses-permission#android.permission.WRITE_CONTACTS
ADDED from src/main/AndroidManifest.xml:24:5-73
	android:name
		ADDED from src/main/AndroidManifest.xml:24:22-70
uses-permission#android.permission.READ_CALENDAR
ADDED from src/main/AndroidManifest.xml:25:5-72
	android:name
		ADDED from src/main/AndroidManifest.xml:25:22-69
uses-permission#android.permission.WRITE_CALENDAR
ADDED from src/main/AndroidManifest.xml:26:5-73
	android:name
		ADDED from src/main/AndroidManifest.xml:26:22-70
uses-permission#android.permission.WRITE_EXTERNAL_STORAGE
ADDED from src/main/AndroidManifest.xml:27:5-81
	android:name
		ADDED from src/main/AndroidManifest.xml:27:22-78
uses-permission#android.permission.GET_ACCOUNTS
ADDED from src/main/AndroidManifest.xml:28:5-71
	android:name
		ADDED from src/main/AndroidManifest.xml:28:22-68
uses-permission#android.permission.READ_SYNC_SETTINGS
ADDED from src/main/AndroidManifest.xml:29:5-77
	android:name
		ADDED from src/main/AndroidManifest.xml:29:22-74
uses-permission#android.permission.WRITE_SYNC_SETTINGS
ADDED from src/main/AndroidManifest.xml:30:5-78
	android:name
		ADDED from src/main/AndroidManifest.xml:30:22-75
android:uses-permission#android.permission.READ_EXTERNAL_STORAGE
ADDED from src/main/AndroidManifest.xml:33:5-88
	android:name
		ADDED from src/main/AndroidManifest.xml:33:30-85
application
ADDED from src/main/AndroidManifest.xml:35:5-139:19
	android:label
		ADDED from src/main/AndroidManifest.xml:39:9-41
	android:allowBackup
		ADDED from src/main/AndroidManifest.xml:36:9-36
	android:icon
		ADDED from src/main/AndroidManifest.xml:38:9-45
	android:description
		ADDED from src/main/AndroidManifest.xml:37:9-54
activity#info.guardianproject.intheclear.InTheClearActivity
ADDED from src/main/AndroidManifest.xml:40:9-53:20
	android:screenOrientation
		ADDED from src/main/AndroidManifest.xml:44:13-49
	android:label
		ADDED from src/main/AndroidManifest.xml:43:13-45
	android:windowSoftInputMode
		ADDED from src/main/AndroidManifest.xml:46:13-54
	android:configChanges
		ADDED from src/main/AndroidManifest.xml:42:13-63
	android:theme
		ADDED from src/main/AndroidManifest.xml:45:13-60
	android:name
		ADDED from src/main/AndroidManifest.xml:41:13-47
intent-filter#android.intent.action.MAIN+android.intent.category.DEFAULT+android.intent.category.LAUNCHER
ADDED from src/main/AndroidManifest.xml:47:13-52:29
action#android.intent.action.MAIN
ADDED from src/main/AndroidManifest.xml:48:17-69
	android:name
		ADDED from src/main/AndroidManifest.xml:48:25-66
category#android.intent.category.DEFAULT
ADDED from src/main/AndroidManifest.xml:50:17-76
	android:name
		ADDED from src/main/AndroidManifest.xml:50:27-73
category#android.intent.category.LAUNCHER
ADDED from src/main/AndroidManifest.xml:51:17-77
	android:name
		ADDED from src/main/AndroidManifest.xml:51:27-74
activity#info.guardianproject.intheclear.WizardActivity
ADDED from src/main/AndroidManifest.xml:54:9-67:20
	android:screenOrientation
		ADDED from src/main/AndroidManifest.xml:58:13-49
	android:windowSoftInputMode
		ADDED from src/main/AndroidManifest.xml:61:13-54
	android:configChanges
		ADDED from src/main/AndroidManifest.xml:56:13-63
	android:icon
		ADDED from src/main/AndroidManifest.xml:57:13-43
	android:theme
		ADDED from src/main/AndroidManifest.xml:60:13-60
	android:taskAffinity
		ADDED from src/main/AndroidManifest.xml:59:13-43
	android:name
		ADDED from src/main/AndroidManifest.xml:55:13-43
intent-filter#android.intent.category.DEFAULT+info.guardianproject.panic.action.CONNECT
ADDED from src/main/AndroidManifest.xml:62:13-66:29
action#info.guardianproject.panic.action.CONNECT
ADDED from src/main/AndroidManifest.xml:63:17-84
	android:name
		ADDED from src/main/AndroidManifest.xml:63:25-81
activity#info.guardianproject.intheclear.SettingsActivity
ADDED from src/main/AndroidManifest.xml:68:9-74:20
	android:name
		ADDED from src/main/AndroidManifest.xml:68:19-51
intent-filter#android.intent.category.DEFAULT+info.guardianproject.panic.action.DISCONNECT
ADDED from src/main/AndroidManifest.xml:69:13-73:29
action#info.guardianproject.panic.action.DISCONNECT
ADDED from src/main/AndroidManifest.xml:70:17-87
	android:name
		ADDED from src/main/AndroidManifest.xml:70:25-84
activity#info.guardianproject.intheclear.PanicActivity
ADDED from src/main/AndroidManifest.xml:75:9-90:20
	android:screenOrientation
		ADDED from src/main/AndroidManifest.xml:81:13-49
	android:label
		ADDED from src/main/AndroidManifest.xml:79:13-35
	android:launchMode
		ADDED from src/main/AndroidManifest.xml:80:13-48
	android:windowSoftInputMode
		ADDED from src/main/AndroidManifest.xml:84:13-54
	android:configChanges
		ADDED from src/main/AndroidManifest.xml:77:13-63
	android:icon
		ADDED from src/main/AndroidManifest.xml:78:13-43
	android:theme
		ADDED from src/main/AndroidManifest.xml:83:13-60
	android:taskAffinity
		ADDED from src/main/AndroidManifest.xml:82:13-47
	android:name
		ADDED from src/main/AndroidManifest.xml:76:13-42
intent-filter#android.intent.action.MAIN+android.intent.category.LAUNCHER
ADDED from src/main/AndroidManifest.xml:85:13-89:29
activity#info.guardianproject.intheclear.ShoutActivity
ADDED from src/main/AndroidManifest.xml:91:9-99:20
	android:screenOrientation
		ADDED from src/main/AndroidManifest.xml:96:13-49
	android:label
		ADDED from src/main/AndroidManifest.xml:95:13-35
	android:windowSoftInputMode
		ADDED from src/main/AndroidManifest.xml:98:13-54
	android:configChanges
		ADDED from src/main/AndroidManifest.xml:93:13-63
	android:icon
		ADDED from src/main/AndroidManifest.xml:94:13-43
	android:theme
		ADDED from src/main/AndroidManifest.xml:97:13-60
	android:name
		ADDED from src/main/AndroidManifest.xml:92:13-42
activity#info.guardianproject.intheclear.WipeActivity
ADDED from src/main/AndroidManifest.xml:100:9-108:20
	android:screenOrientation
		ADDED from src/main/AndroidManifest.xml:105:13-49
	android:label
		ADDED from src/main/AndroidManifest.xml:104:13-34
	android:windowSoftInputMode
		ADDED from src/main/AndroidManifest.xml:107:13-54
	android:configChanges
		ADDED from src/main/AndroidManifest.xml:102:13-63
	android:icon
		ADDED from src/main/AndroidManifest.xml:103:13-42
	android:theme
		ADDED from src/main/AndroidManifest.xml:106:13-60
	android:name
		ADDED from src/main/AndroidManifest.xml:101:13-41
activity#info.guardianproject.utils.EndActivity
ADDED from src/main/AndroidManifest.xml:109:9-75
	android:name
		ADDED from src/main/AndroidManifest.xml:109:19-72
service#info.guardianproject.intheclear.PanicService
ADDED from src/main/AndroidManifest.xml:111:9-119:19
	android:enabled
		ADDED from src/main/AndroidManifest.xml:113:13-35
	android:name
		ADDED from src/main/AndroidManifest.xml:112:13-41
intent-filter#android.intent.category.DEFAULT+info.guardianproject.panic.action.TRIGGER
ADDED from src/main/AndroidManifest.xml:114:13-118:29
action#info.guardianproject.panic.action.TRIGGER
ADDED from src/main/AndroidManifest.xml:115:17-84
	android:name
		ADDED from src/main/AndroidManifest.xml:115:25-81
service#info.guardianproject.intheclear.WipeService
ADDED from src/main/AndroidManifest.xml:120:9-122:38
	android:enabled
		ADDED from src/main/AndroidManifest.xml:122:13-35
	android:name
		ADDED from src/main/AndroidManifest.xml:121:13-40
receiver#info.guardianproject.intheclear.PanicWidget
ADDED from src/main/AndroidManifest.xml:124:9-132:20
	android:name
		ADDED from src/main/AndroidManifest.xml:124:19-46
intent-filter#android.appwidget.action.APPWIDGET_UPDATE
ADDED from src/main/AndroidManifest.xml:125:13-127:29
action#android.appwidget.action.APPWIDGET_UPDATE
ADDED from src/main/AndroidManifest.xml:126:17-84
	android:name
		ADDED from src/main/AndroidManifest.xml:126:25-81
meta-data#android.appwidget.provider
ADDED from src/main/AndroidManifest.xml:129:13-131:61
	android:resource
		ADDED from src/main/AndroidManifest.xml:131:17-58
	android:name
		ADDED from src/main/AndroidManifest.xml:130:17-58
activity#info.guardianproject.intheclear.PanicWidgetConfigureActivity
ADDED from src/main/AndroidManifest.xml:134:9-138:20
	android:name
		ADDED from src/main/AndroidManifest.xml:134:19-63
intent-filter#android.appwidget.action.APPWIDGET_CONFIGURE
ADDED from src/main/AndroidManifest.xml:135:13-137:29
action#android.appwidget.action.APPWIDGET_CONFIGURE
ADDED from src/main/AndroidManifest.xml:136:17-87
	android:name
		ADDED from src/main/AndroidManifest.xml:136:25-84